f:\rtspserver-master\vs2017\x64\debug\vc142.pdb
f:\rtspserver-master\vs2017\x64\debug\vc142.idb
f:\rtspserver-master\vs2017\x64\debug\digestauthentication.obj
f:\rtspserver-master\vs2017\x64\debug\aacsource.obj
f:\rtspserver-master\vs2017\x64\debug\timestamp.obj
f:\rtspserver-master\vs2017\x64\debug\timer.obj
f:\rtspserver-master\vs2017\x64\debug\tcpsocket.obj
f:\rtspserver-master\vs2017\x64\debug\tcpserver.obj
f:\rtspserver-master\vs2017\x64\debug\tcpconnection.obj
f:\rtspserver-master\vs2017\x64\debug\taskscheduler.obj
f:\rtspserver-master\vs2017\x64\debug\socketutil.obj
f:\rtspserver-master\vs2017\x64\debug\selecttaskscheduler.obj
f:\rtspserver-master\vs2017\x64\debug\pipe.obj
f:\rtspserver-master\vs2017\x64\debug\netinterface.obj
f:\rtspserver-master\vs2017\x64\debug\memorymanager.obj
f:\rtspserver-master\vs2017\x64\debug\logger.obj
f:\rtspserver-master\vs2017\x64\debug\eventloop.obj
f:\rtspserver-master\vs2017\x64\debug\epolltaskscheduler.obj
f:\rtspserver-master\vs2017\x64\debug\bufferwriter.obj
f:\rtspserver-master\vs2017\x64\debug\bufferreader.obj
f:\rtspserver-master\vs2017\x64\debug\acceptor.obj
f:\rtspserver-master\vs2017\x64\debug\rtsp_h265.obj
f:\rtspserver-master\vs2017\x64\debug\rtspserver.obj
f:\rtspserver-master\vs2017\x64\debug\rtsppusher.obj
f:\rtspserver-master\vs2017\x64\debug\rtspmessage.obj
f:\rtspserver-master\vs2017\x64\debug\rtspconnection.obj
f:\rtspserver-master\vs2017\x64\debug\rtpconnection.obj
f:\rtspserver-master\vs2017\x64\debug\mediasession.obj
f:\rtspserver-master\vs2017\x64\debug\h265source.obj
f:\rtspserver-master\vs2017\x64\debug\h264source.obj
f:\rtspserver-master\vs2017\x64\debug\h264parser.obj
f:\rtspserver-master\vs2017\x64\debug\g711asource.obj
f:\rtspserver-master\vs2017\x64\debug\rtsp.exe
f:\rtspserver-master\vs2017\x64\debug\rtsp.ilk
f:\rtspserver-master\vs2017\x64\debug\rtsp.pdb
c:\users\84038\desktop\rtspserverh265\vs2017\x64\debug\aacsource.obj
c:\users\84038\desktop\rtspserverh265\vs2017\x64\debug\acceptor.obj
c:\users\84038\desktop\rtspserverh265\vs2017\x64\debug\bufferreader.obj
c:\users\84038\desktop\rtspserverh265\vs2017\x64\debug\bufferwriter.obj
c:\users\84038\desktop\rtspserverh265\vs2017\x64\debug\digestauthentication.obj
c:\users\84038\desktop\rtspserverh265\vs2017\x64\debug\epolltaskscheduler.obj
c:\users\84038\desktop\rtspserverh265\vs2017\x64\debug\eventloop.obj
c:\users\84038\desktop\rtspserverh265\vs2017\x64\debug\g711asource.obj
c:\users\84038\desktop\rtspserverh265\vs2017\x64\debug\h264parser.obj
c:\users\84038\desktop\rtspserverh265\vs2017\x64\debug\h264source.obj
c:\users\84038\desktop\rtspserverh265\vs2017\x64\debug\h265source.obj
c:\users\84038\desktop\rtspserverh265\vs2017\x64\debug\logger.obj
c:\users\84038\desktop\rtspserverh265\vs2017\x64\debug\mediasession.obj
c:\users\84038\desktop\rtspserverh265\vs2017\x64\debug\memorymanager.obj
c:\users\84038\desktop\rtspserverh265\vs2017\x64\debug\netinterface.obj
c:\users\84038\desktop\rtspserverh265\vs2017\x64\debug\pipe.obj
c:\users\84038\desktop\rtspserverh265\vs2017\x64\debug\rtpconnection.obj
c:\users\84038\desktop\rtspserverh265\vs2017\x64\debug\rtspconnection.obj
c:\users\84038\desktop\rtspserverh265\vs2017\x64\debug\rtspmessage.obj
c:\users\84038\desktop\rtspserverh265\vs2017\x64\debug\rtsppusher.obj
c:\users\84038\desktop\rtspserverh265\vs2017\x64\debug\rtspserver.obj
c:\users\84038\desktop\rtspserverh265\vs2017\x64\debug\rtsp_h265.obj
c:\users\84038\desktop\rtspserverh265\vs2017\x64\debug\selecttaskscheduler.obj
c:\users\84038\desktop\rtspserverh265\vs2017\x64\debug\socketutil.obj
c:\users\84038\desktop\rtspserverh265\vs2017\x64\debug\taskscheduler.obj
c:\users\84038\desktop\rtspserverh265\vs2017\x64\debug\tcpconnection.obj
c:\users\84038\desktop\rtspserverh265\vs2017\x64\debug\tcpserver.obj
c:\users\84038\desktop\rtspserverh265\vs2017\x64\debug\tcpsocket.obj
c:\users\84038\desktop\rtspserverh265\vs2017\x64\debug\timer.obj
c:\users\84038\desktop\rtspserverh265\vs2017\x64\debug\timestamp.obj
c:\users\84038\desktop\rtspserverh265\vs2017\x64\debug\rtsp.ilk
c:\users\84038\desktop\rtspserverh265\vs2017\x64\debug\vc142.idb
c:\users\84038\desktop\rtspserverh265\vs2017\x64\debug\rtsp.pdb
c:\users\84038\desktop\rtspserverh265\vs2017\x64\debug\vc142.pdb
c:\users\84038\desktop\rtspserverh265\vs2017\x64\debug\rtsp.exe
c:\users\84038\desktop\rtspserverh265\vs2017\x64\debug\rtsp.tlog\cl.command.1.tlog
c:\users\84038\desktop\rtspserverh265\vs2017\x64\debug\rtsp.tlog\cl.read.1.tlog
c:\users\84038\desktop\rtspserverh265\vs2017\x64\debug\rtsp.tlog\cl.write.1.tlog
c:\users\84038\desktop\rtspserverh265\vs2017\x64\debug\rtsp.tlog\link.command.1.tlog
c:\users\84038\desktop\rtspserverh265\vs2017\x64\debug\rtsp.tlog\link.read.1.tlog
c:\users\84038\desktop\rtspserverh265\vs2017\x64\debug\rtsp.tlog\link.write.1.tlog
