f:\rtspserver-master\vs2017\x64\release\vc142.pdb
f:\rtspserver-master\vs2017\x64\release\x265_encode.obj
f:\rtspserver-master\vs2017\x64\release\rtsp_h265.obj
f:\rtspserver-master\vs2017\x64\release\digestauthentication.obj
f:\rtspserver-master\vs2017\x64\release\aacsource.obj
f:\rtspserver-master\vs2017\x64\release\timestamp.obj
f:\rtspserver-master\vs2017\x64\release\timer.obj
f:\rtspserver-master\vs2017\x64\release\tcpsocket.obj
f:\rtspserver-master\vs2017\x64\release\tcpserver.obj
f:\rtspserver-master\vs2017\x64\release\tcpconnection.obj
f:\rtspserver-master\vs2017\x64\release\taskscheduler.obj
f:\rtspserver-master\vs2017\x64\release\socketutil.obj
f:\rtspserver-master\vs2017\x64\release\selecttaskscheduler.obj
f:\rtspserver-master\vs2017\x64\release\pipe.obj
f:\rtspserver-master\vs2017\x64\release\netinterface.obj
f:\rtspserver-master\vs2017\x64\release\memorymanager.obj
f:\rtspserver-master\vs2017\x64\release\logger.obj
f:\rtspserver-master\vs2017\x64\release\eventloop.obj
f:\rtspserver-master\vs2017\x64\release\epolltaskscheduler.obj
f:\rtspserver-master\vs2017\x64\release\bufferwriter.obj
f:\rtspserver-master\vs2017\x64\release\bufferreader.obj
f:\rtspserver-master\vs2017\x64\release\acceptor.obj
f:\rtspserver-master\vs2017\x64\release\rtspserver.obj
f:\rtspserver-master\vs2017\x64\release\rtsppusher.obj
f:\rtspserver-master\vs2017\x64\release\rtspmessage.obj
f:\rtspserver-master\vs2017\x64\release\rtspconnection.obj
f:\rtspserver-master\vs2017\x64\release\rtpconnection.obj
f:\rtspserver-master\vs2017\x64\release\mediasession.obj
f:\rtspserver-master\vs2017\x64\release\h265source.obj
f:\rtspserver-master\vs2017\x64\release\h264source.obj
f:\rtspserver-master\vs2017\x64\release\h264parser.obj
f:\rtspserver-master\vs2017\x64\release\g711asource.obj
c:\users\84038\desktop\rtspserverh265\vs2017\x64\release\vc142.pdb
c:\users\84038\desktop\rtspserverh265\vs2017\x64\release\digestauthentication.obj
c:\users\84038\desktop\rtspserverh265\vs2017\x64\release\aacsource.obj
c:\users\84038\desktop\rtspserverh265\vs2017\x64\release\timestamp.obj
c:\users\84038\desktop\rtspserverh265\vs2017\x64\release\timer.obj
c:\users\84038\desktop\rtspserverh265\vs2017\x64\release\tcpsocket.obj
c:\users\84038\desktop\rtspserverh265\vs2017\x64\release\tcpserver.obj
c:\users\84038\desktop\rtspserverh265\vs2017\x64\release\tcpconnection.obj
c:\users\84038\desktop\rtspserverh265\vs2017\x64\release\taskscheduler.obj
c:\users\84038\desktop\rtspserverh265\vs2017\x64\release\socketutil.obj
c:\users\84038\desktop\rtspserverh265\vs2017\x64\release\selecttaskscheduler.obj
c:\users\84038\desktop\rtspserverh265\vs2017\x64\release\pipe.obj
c:\users\84038\desktop\rtspserverh265\vs2017\x64\release\netinterface.obj
c:\users\84038\desktop\rtspserverh265\vs2017\x64\release\memorymanager.obj
c:\users\84038\desktop\rtspserverh265\vs2017\x64\release\logger.obj
c:\users\84038\desktop\rtspserverh265\vs2017\x64\release\eventloop.obj
c:\users\84038\desktop\rtspserverh265\vs2017\x64\release\epolltaskscheduler.obj
c:\users\84038\desktop\rtspserverh265\vs2017\x64\release\bufferwriter.obj
c:\users\84038\desktop\rtspserverh265\vs2017\x64\release\bufferreader.obj
c:\users\84038\desktop\rtspserverh265\vs2017\x64\release\acceptor.obj
c:\users\84038\desktop\rtspserverh265\vs2017\x64\release\rtsp_h265.obj
c:\users\84038\desktop\rtspserverh265\vs2017\x64\release\rtspserver.obj
c:\users\84038\desktop\rtspserverh265\vs2017\x64\release\rtsppusher.obj
c:\users\84038\desktop\rtspserverh265\vs2017\x64\release\rtspmessage.obj
c:\users\84038\desktop\rtspserverh265\vs2017\x64\release\rtspconnection.obj
c:\users\84038\desktop\rtspserverh265\vs2017\x64\release\rtpconnection.obj
c:\users\84038\desktop\rtspserverh265\vs2017\x64\release\mediasession.obj
c:\users\84038\desktop\rtspserverh265\vs2017\x64\release\h265source.obj
c:\users\84038\desktop\rtspserverh265\vs2017\x64\release\h264source.obj
c:\users\84038\desktop\rtspserverh265\vs2017\x64\release\h264parser.obj
c:\users\84038\desktop\rtspserverh265\vs2017\x64\release\g711asource.obj
f:\rtspserver-master\vs2017\x64\release\rtsp.exe
f:\rtspserver-master\vs2017\x64\release\rtsp.pdb
c:\users\84038\desktop\rtspserverh265\vs2017\x64\release\rtsp.exe
c:\users\84038\desktop\rtspserverh265\vs2017\x64\release\rtsp.pdb
f:\rtspserver-master\vs2017\x64\release\rtsp.ipdb
f:\rtspserver-master\vs2017\x64\release\rtsp.iobj
c:\users\84038\desktop\rtspserverh265\vs2017\x64\release\rtsp.ipdb
c:\users\84038\desktop\rtspserverh265\vs2017\x64\release\rtsp.iobj
c:\users\84038\desktop\rtspserverh265\vs2017\x64\release\x265_encode.obj
c:\users\84038\desktop\rtspserverh265\vs2017\x64\release\rtsp.tlog\cl.command.1.tlog
c:\users\84038\desktop\rtspserverh265\vs2017\x64\release\rtsp.tlog\cl.read.1.tlog
c:\users\84038\desktop\rtspserverh265\vs2017\x64\release\rtsp.tlog\cl.write.1.tlog
c:\users\84038\desktop\rtspserverh265\vs2017\x64\release\rtsp.tlog\link.command.1.tlog
c:\users\84038\desktop\rtspserverh265\vs2017\x64\release\rtsp.tlog\link.read.1.tlog
c:\users\84038\desktop\rtspserverh265\vs2017\x64\release\rtsp.tlog\link.write.1.tlog
c:\users\84038\desktop\rtspserverh265\vs2017\x64\release\rtsp.tlog\rtsp.write.1u.tlog
